<?xml version="1.0" encoding="UTF-8"?>
<!-- Generated by org.testng.reporters.JUnitReportReporter -->
<testsuite skipped="0" hostname="Praveen" name="Rest_Test.Get_Data" tests="2" failures="0" timestamp="15 Nov 2022 19:19:42 GMT" time="1.325" errors="0">
  <testcase name="testResponsecode" time="0.320" classname="Rest_Test.Get_Data"/>
  <testcase name="GetWeatherDetailsCondensed" time="1.005" classname="Rest_Test.Get_Data"/>
</testsuite> <!-- Rest_Test.Get_Data -->
