<?xml version="1.0" encoding="UTF-8"?>
<!-- Generated by org.testng.reporters.JUnitReportReporter -->
<testsuite skipped="0" hostname="Praveen" name="Rest_Test.Test01_Get" tests="1" failures="0" timestamp="15 Nov 2022 19:19:42 GMT" time="2.603" errors="0">
  <testcase name="test_01" time="2.603" classname="Rest_Test.Test01_Get"/>
</testsuite> <!-- Rest_Test.Test01_Get -->
